<?xml version="1.0" encoding="UTF-8"?>
<testsuite name="uk.co.tertiarybrewery.brewapi.tempdata.TempsDataControllerTest" tests="1" skipped="0" failures="0" errors="0" timestamp="2018-06-06T13:39:54" hostname="tjmac222" time="0.102">
  <properties/>
  <testcase name="getCurrentTemps" classname="uk.co.tertiarybrewery.brewapi.tempdata.TempsDataControllerTest" time="0.102"/>
  <system-out><![CDATA[2018-06-06 14:39:54.691  INFO 85421 --- [    Test worker] .b.t.c.SpringBootTestContextBootstrapper : Neither @ContextConfiguration nor @ContextHierarchy found for test class [uk.co.tertiarybrewery.brewapi.tempdata.TempsDataControllerTest], using SpringBootContextLoader
2018-06-06 14:39:54.692  INFO 85421 --- [    Test worker] o.s.t.c.support.AbstractContextLoader    : Could not detect default resource locations for test class [uk.co.tertiarybrewery.brewapi.tempdata.TempsDataControllerTest]: no resource found for suffixes {-context.xml, Context.groovy}.
2018-06-06 14:39:54.692  INFO 85421 --- [    Test worker] t.c.s.AnnotationConfigContextLoaderUtils : Could not detect default configuration classes for test class [uk.co.tertiarybrewery.brewapi.tempdata.TempsDataControllerTest]: TempsDataControllerTest does not declare any static, non-private, non-final, nested classes annotated with @Configuration.
2018-06-06 14:39:54.704  INFO 85421 --- [    Test worker] .b.t.c.SpringBootTestContextBootstrapper : Found @SpringBootConfiguration uk.co.tertiarybrewery.brewapi.Application for test class uk.co.tertiarybrewery.brewapi.tempdata.TempsDataControllerTest
2018-06-06 14:39:54.707  INFO 85421 --- [    Test worker] .b.t.c.SpringBootTestContextBootstrapper : Loaded default TestExecutionListener class names from location [META-INF/spring.factories]: [org.springframework.boot.test.autoconfigure.restdocs.RestDocsTestExecutionListener, org.springframework.boot.test.autoconfigure.web.client.MockRestServiceServerResetTestExecutionListener, org.springframework.boot.test.autoconfigure.web.servlet.MockMvcPrintOnlyOnFailureTestExecutionListener, org.springframework.boot.test.autoconfigure.web.servlet.WebDriverTestExecutionListener, org.springframework.boot.test.mock.mockito.MockitoTestExecutionListener, org.springframework.boot.test.mock.mockito.ResetMocksTestExecutionListener, org.springframework.test.context.web.ServletTestExecutionListener, org.springframework.test.context.support.DirtiesContextBeforeModesTestExecutionListener, org.springframework.test.context.support.DependencyInjectionTestExecutionListener, org.springframework.test.context.support.DirtiesContextTestExecutionListener, org.springframework.test.context.transaction.TransactionalTestExecutionListener, org.springframework.test.context.jdbc.SqlScriptsTestExecutionListener]
2018-06-06 14:39:54.708  INFO 85421 --- [    Test worker] .b.t.c.SpringBootTestContextBootstrapper : Using TestExecutionListeners: [org.springframework.test.context.web.ServletTestExecutionListener@79201660, org.springframework.test.context.support.DirtiesContextBeforeModesTestExecutionListener@678457f4, org.springframework.boot.test.mock.mockito.MockitoTestExecutionListener@6961c2d2, org.springframework.boot.test.autoconfigure.SpringBootDependencyInjectionTestExecutionListener@3b798dff, org.springframework.test.context.support.DirtiesContextTestExecutionListener@42931fe6, org.springframework.test.context.transaction.TransactionalTestExecutionListener@7edcbb7, org.springframework.test.context.jdbc.SqlScriptsTestExecutionListener@60fdfeca, org.springframework.boot.test.autoconfigure.restdocs.RestDocsTestExecutionListener@179c815f, org.springframework.boot.test.autoconfigure.web.client.MockRestServiceServerResetTestExecutionListener@4daad065, org.springframework.boot.test.autoconfigure.web.servlet.MockMvcPrintOnlyOnFailureTestExecutionListener@24f30a14, org.springframework.boot.test.autoconfigure.web.servlet.WebDriverTestExecutionListener@2bf7abee, org.springframework.boot.test.mock.mockito.ResetMocksTestExecutionListener@581241b6]
]]></system-out>
  <system-err><![CDATA[]]></system-err>
</testsuite>
