<?xml version="1.0" encoding="UTF-8"?>
<testsuite name="uk.co.tertiarybrewery.brewapi.targettemps.TargetTempsServiceTest" tests="2" skipped="0" failures="0" errors="0" timestamp="2018-05-30T16:19:24" hostname="tjmac222" time="0.015">
  <properties/>
  <testcase name="getTargetTempForFlatStep" classname="uk.co.tertiarybrewery.brewapi.targettemps.TargetTempsServiceTest" time="0.014"/>
  <testcase name="getTargetTempForIncreasingStep" classname="uk.co.tertiarybrewery.brewapi.targettemps.TargetTempsServiceTest" time="0.0"/>
  <system-out><![CDATA[]]></system-out>
  <system-err><![CDATA[]]></system-err>
</testsuite>
