<?xml version="1.0" encoding="UTF-8"?>
<testsuite name="uk.co.tertiarybrewery.brewapi.tempdata.TempsDataControllerTest" tests="1" skipped="0" failures="0" errors="0" timestamp="2018-05-29T15:22:51" hostname="tjmac222" time="0.153">
  <properties/>
  <testcase name="getCurrentTemps" classname="uk.co.tertiarybrewery.brewapi.tempdata.TempsDataControllerTest" time="0.153"/>
  <system-out><![CDATA[2018-05-29 16:22:51.192  INFO 37984 --- [    Test worker] .b.t.c.SpringBootTestContextBootstrapper : Neither @ContextConfiguration nor @ContextHierarchy found for test class [uk.co.tertiarybrewery.brewapi.tempdata.TempsDataControllerTest], using SpringBootContextLoader
2018-05-29 16:22:51.194  INFO 37984 --- [    Test worker] o.s.t.c.support.AbstractContextLoader    : Could not detect default resource locations for test class [uk.co.tertiarybrewery.brewapi.tempdata.TempsDataControllerTest]: no resource found for suffixes {-context.xml, Context.groovy}.
2018-05-29 16:22:51.195  INFO 37984 --- [    Test worker] t.c.s.AnnotationConfigContextLoaderUtils : Could not detect default configuration classes for test class [uk.co.tertiarybrewery.brewapi.tempdata.TempsDataControllerTest]: TempsDataControllerTest does not declare any static, non-private, non-final, nested classes annotated with @Configuration.
2018-05-29 16:22:51.208  INFO 37984 --- [    Test worker] .b.t.c.SpringBootTestContextBootstrapper : Found @SpringBootConfiguration uk.co.tertiarybrewery.brewapi.Application for test class uk.co.tertiarybrewery.brewapi.tempdata.TempsDataControllerTest
2018-05-29 16:22:51.214  INFO 37984 --- [    Test worker] .b.t.c.SpringBootTestContextBootstrapper : Loaded default TestExecutionListener class names from location [META-INF/spring.factories]: [org.springframework.boot.test.autoconfigure.restdocs.RestDocsTestExecutionListener, org.springframework.boot.test.autoconfigure.web.client.MockRestServiceServerResetTestExecutionListener, org.springframework.boot.test.autoconfigure.web.servlet.MockMvcPrintOnlyOnFailureTestExecutionListener, org.springframework.boot.test.autoconfigure.web.servlet.WebDriverTestExecutionListener, org.springframework.boot.test.mock.mockito.MockitoTestExecutionListener, org.springframework.boot.test.mock.mockito.ResetMocksTestExecutionListener, org.springframework.test.context.web.ServletTestExecutionListener, org.springframework.test.context.support.DirtiesContextBeforeModesTestExecutionListener, org.springframework.test.context.support.DependencyInjectionTestExecutionListener, org.springframework.test.context.support.DirtiesContextTestExecutionListener, org.springframework.test.context.transaction.TransactionalTestExecutionListener, org.springframework.test.context.jdbc.SqlScriptsTestExecutionListener]
2018-05-29 16:22:51.215  INFO 37984 --- [    Test worker] .b.t.c.SpringBootTestContextBootstrapper : Using TestExecutionListeners: [org.springframework.test.context.web.ServletTestExecutionListener@2b586c4, org.springframework.test.context.support.DirtiesContextBeforeModesTestExecutionListener@6e82c297, org.springframework.boot.test.mock.mockito.MockitoTestExecutionListener@3bfc794a, org.springframework.boot.test.autoconfigure.SpringBootDependencyInjectionTestExecutionListener@5511f11f, org.springframework.test.context.support.DirtiesContextTestExecutionListener@7bbcdedf, org.springframework.test.context.transaction.TransactionalTestExecutionListener@3d23d45, org.springframework.test.context.jdbc.SqlScriptsTestExecutionListener@5b3c325c, org.springframework.boot.test.autoconfigure.restdocs.RestDocsTestExecutionListener@17fa92d, org.springframework.boot.test.autoconfigure.web.client.MockRestServiceServerResetTestExecutionListener@1ca8d5fb, org.springframework.boot.test.autoconfigure.web.servlet.MockMvcPrintOnlyOnFailureTestExecutionListener@e82fb3e, org.springframework.boot.test.autoconfigure.web.servlet.WebDriverTestExecutionListener@34968660, org.springframework.boot.test.mock.mockito.ResetMocksTestExecutionListener@48dc671e]
]]></system-out>
  <system-err><![CDATA[Tue May 29 16:22:51 BST 2018 WARN: Establishing SSL connection without server's identity verification is not recommended. According to MySQL 5.5.45+, 5.6.26+ and 5.7.6+ requirements SSL connection must be established by default if explicit option isn't set. For compliance with existing applications not using SSL the verifyServerCertificate property is set to 'false'. You need either to explicitly disable SSL by setting useSSL=false, or set useSSL=true and provide truststore for server certificate verification.
Tue May 29 16:22:51 BST 2018 WARN: Establishing SSL connection without server's identity verification is not recommended. According to MySQL 5.5.45+, 5.6.26+ and 5.7.6+ requirements SSL connection must be established by default if explicit option isn't set. For compliance with existing applications not using SSL the verifyServerCertificate property is set to 'false'. You need either to explicitly disable SSL by setting useSSL=false, or set useSSL=true and provide truststore for server certificate verification.
Tue May 29 16:22:51 BST 2018 WARN: Establishing SSL connection without server's identity verification is not recommended. According to MySQL 5.5.45+, 5.6.26+ and 5.7.6+ requirements SSL connection must be established by default if explicit option isn't set. For compliance with existing applications not using SSL the verifyServerCertificate property is set to 'false'. You need either to explicitly disable SSL by setting useSSL=false, or set useSSL=true and provide truststore for server certificate verification.
]]></system-err>
</testsuite>
