<?xml version="1.0" encoding="UTF-8"?>
<testsuite name="uk.co.tertiarybrewery.brewapi.currenttemps.CurrentTempControllerTest" tests="1" skipped="0" failures="0" errors="0" timestamp="2018-06-06T13:39:54" hostname="tjmac222" time="0.016">
  <properties/>
  <testcase name="getCurrentTemps" classname="uk.co.tertiarybrewery.brewapi.currenttemps.CurrentTempControllerTest" time="0.016"/>
  <system-out><![CDATA[2018-06-06 14:39:54.815  INFO 85421 --- [    Test worker] .b.t.c.SpringBootTestContextBootstrapper : Neither @ContextConfiguration nor @ContextHierarchy found for test class [uk.co.tertiarybrewery.brewapi.currenttemps.CurrentTempControllerTest], using SpringBootContextLoader
2018-06-06 14:39:54.816  INFO 85421 --- [    Test worker] o.s.t.c.support.AbstractContextLoader    : Could not detect default resource locations for test class [uk.co.tertiarybrewery.brewapi.currenttemps.CurrentTempControllerTest]: no resource found for suffixes {-context.xml, Context.groovy}.
2018-06-06 14:39:54.816  INFO 85421 --- [    Test worker] t.c.s.AnnotationConfigContextLoaderUtils : Could not detect default configuration classes for test class [uk.co.tertiarybrewery.brewapi.currenttemps.CurrentTempControllerTest]: CurrentTempControllerTest does not declare any static, non-private, non-final, nested classes annotated with @Configuration.
2018-06-06 14:39:54.832  INFO 85421 --- [    Test worker] .b.t.c.SpringBootTestContextBootstrapper : Found @SpringBootConfiguration uk.co.tertiarybrewery.brewapi.Application for test class uk.co.tertiarybrewery.brewapi.currenttemps.CurrentTempControllerTest
2018-06-06 14:39:54.834  INFO 85421 --- [    Test worker] .b.t.c.SpringBootTestContextBootstrapper : Loaded default TestExecutionListener class names from location [META-INF/spring.factories]: [org.springframework.boot.test.autoconfigure.restdocs.RestDocsTestExecutionListener, org.springframework.boot.test.autoconfigure.web.client.MockRestServiceServerResetTestExecutionListener, org.springframework.boot.test.autoconfigure.web.servlet.MockMvcPrintOnlyOnFailureTestExecutionListener, org.springframework.boot.test.autoconfigure.web.servlet.WebDriverTestExecutionListener, org.springframework.boot.test.mock.mockito.MockitoTestExecutionListener, org.springframework.boot.test.mock.mockito.ResetMocksTestExecutionListener, org.springframework.test.context.web.ServletTestExecutionListener, org.springframework.test.context.support.DirtiesContextBeforeModesTestExecutionListener, org.springframework.test.context.support.DependencyInjectionTestExecutionListener, org.springframework.test.context.support.DirtiesContextTestExecutionListener, org.springframework.test.context.transaction.TransactionalTestExecutionListener, org.springframework.test.context.jdbc.SqlScriptsTestExecutionListener]
2018-06-06 14:39:54.834  INFO 85421 --- [    Test worker] .b.t.c.SpringBootTestContextBootstrapper : Using TestExecutionListeners: [org.springframework.test.context.web.ServletTestExecutionListener@5b2774d5, org.springframework.test.context.support.DirtiesContextBeforeModesTestExecutionListener@565958c6, org.springframework.boot.test.mock.mockito.MockitoTestExecutionListener@2c18f998, org.springframework.boot.test.autoconfigure.SpringBootDependencyInjectionTestExecutionListener@648bcd59, org.springframework.test.context.support.DirtiesContextTestExecutionListener@4ea9cc1, org.springframework.test.context.transaction.TransactionalTestExecutionListener@18e97bf2, org.springframework.test.context.jdbc.SqlScriptsTestExecutionListener@7356954e, org.springframework.boot.test.autoconfigure.restdocs.RestDocsTestExecutionListener@498d7f78, org.springframework.boot.test.autoconfigure.web.client.MockRestServiceServerResetTestExecutionListener@1951ee1c, org.springframework.boot.test.autoconfigure.web.servlet.MockMvcPrintOnlyOnFailureTestExecutionListener@4a34202f, org.springframework.boot.test.autoconfigure.web.servlet.WebDriverTestExecutionListener@d0f20c2, org.springframework.boot.test.mock.mockito.ResetMocksTestExecutionListener@2f5be8a4]
]]></system-out>
  <system-err><![CDATA[]]></system-err>
</testsuite>
