<?xml version="1.0" encoding="UTF-8"?>
<testsuite name="uk.co.tertiarybrewery.brewapi.currenttemps.CurrentTempControllerTest" tests="1" skipped="0" failures="0" errors="0" timestamp="2018-05-30T16:19:24" hostname="tjmac222" time="0.014">
  <properties/>
  <testcase name="getCurrentTemps" classname="uk.co.tertiarybrewery.brewapi.currenttemps.CurrentTempControllerTest" time="0.014"/>
  <system-out><![CDATA[2018-05-30 17:19:24.733  INFO 6172 --- [    Test worker] .b.t.c.SpringBootTestContextBootstrapper : Neither @ContextConfiguration nor @ContextHierarchy found for test class [uk.co.tertiarybrewery.brewapi.currenttemps.CurrentTempControllerTest], using SpringBootContextLoader
2018-05-30 17:19:24.734  INFO 6172 --- [    Test worker] o.s.t.c.support.AbstractContextLoader    : Could not detect default resource locations for test class [uk.co.tertiarybrewery.brewapi.currenttemps.CurrentTempControllerTest]: no resource found for suffixes {-context.xml, Context.groovy}.
2018-05-30 17:19:24.734  INFO 6172 --- [    Test worker] t.c.s.AnnotationConfigContextLoaderUtils : Could not detect default configuration classes for test class [uk.co.tertiarybrewery.brewapi.currenttemps.CurrentTempControllerTest]: CurrentTempControllerTest does not declare any static, non-private, non-final, nested classes annotated with @Configuration.
2018-05-30 17:19:24.745  INFO 6172 --- [    Test worker] .b.t.c.SpringBootTestContextBootstrapper : Found @SpringBootConfiguration uk.co.tertiarybrewery.brewapi.Application for test class uk.co.tertiarybrewery.brewapi.currenttemps.CurrentTempControllerTest
2018-05-30 17:19:24.747  INFO 6172 --- [    Test worker] .b.t.c.SpringBootTestContextBootstrapper : Loaded default TestExecutionListener class names from location [META-INF/spring.factories]: [org.springframework.boot.test.autoconfigure.restdocs.RestDocsTestExecutionListener, org.springframework.boot.test.autoconfigure.web.client.MockRestServiceServerResetTestExecutionListener, org.springframework.boot.test.autoconfigure.web.servlet.MockMvcPrintOnlyOnFailureTestExecutionListener, org.springframework.boot.test.autoconfigure.web.servlet.WebDriverTestExecutionListener, org.springframework.boot.test.mock.mockito.MockitoTestExecutionListener, org.springframework.boot.test.mock.mockito.ResetMocksTestExecutionListener, org.springframework.test.context.web.ServletTestExecutionListener, org.springframework.test.context.support.DirtiesContextBeforeModesTestExecutionListener, org.springframework.test.context.support.DependencyInjectionTestExecutionListener, org.springframework.test.context.support.DirtiesContextTestExecutionListener, org.springframework.test.context.transaction.TransactionalTestExecutionListener, org.springframework.test.context.jdbc.SqlScriptsTestExecutionListener]
2018-05-30 17:19:24.747  INFO 6172 --- [    Test worker] .b.t.c.SpringBootTestContextBootstrapper : Using TestExecutionListeners: [org.springframework.test.context.web.ServletTestExecutionListener@5b3d8515, org.springframework.test.context.support.DirtiesContextBeforeModesTestExecutionListener@d38f75a, org.springframework.boot.test.mock.mockito.MockitoTestExecutionListener@3110b3a3, org.springframework.boot.test.autoconfigure.SpringBootDependencyInjectionTestExecutionListener@76c4f804, org.springframework.test.context.support.DirtiesContextTestExecutionListener@4166dee4, org.springframework.test.context.transaction.TransactionalTestExecutionListener@bae73b5, org.springframework.test.context.jdbc.SqlScriptsTestExecutionListener@3f1754c8, org.springframework.boot.test.autoconfigure.restdocs.RestDocsTestExecutionListener@6ec28ff6, org.springframework.boot.test.autoconfigure.web.client.MockRestServiceServerResetTestExecutionListener@1924fd34, org.springframework.boot.test.autoconfigure.web.servlet.MockMvcPrintOnlyOnFailureTestExecutionListener@616f067e, org.springframework.boot.test.autoconfigure.web.servlet.WebDriverTestExecutionListener@645bbf8f, org.springframework.boot.test.mock.mockito.ResetMocksTestExecutionListener@1e1c31cd]
]]></system-out>
  <system-err><![CDATA[]]></system-err>
</testsuite>
