<?xml version="1.0" encoding="UTF-8"?>
<testsuite name="uk.co.tertiarybrewery.brewapi.currenttemps.CurrentTempControllerTest" tests="1" skipped="0" failures="0" errors="0" timestamp="2018-06-04T09:40:42" hostname="tjmac222" time="0.021">
  <properties/>
  <testcase name="getCurrentTemps" classname="uk.co.tertiarybrewery.brewapi.currenttemps.CurrentTempControllerTest" time="0.021"/>
  <system-out><![CDATA[2018-06-04 10:40:42.225  INFO 40891 --- [    Test worker] .b.t.c.SpringBootTestContextBootstrapper : Neither @ContextConfiguration nor @ContextHierarchy found for test class [uk.co.tertiarybrewery.brewapi.currenttemps.CurrentTempControllerTest], using SpringBootContextLoader
2018-06-04 10:40:42.226  INFO 40891 --- [    Test worker] o.s.t.c.support.AbstractContextLoader    : Could not detect default resource locations for test class [uk.co.tertiarybrewery.brewapi.currenttemps.CurrentTempControllerTest]: no resource found for suffixes {-context.xml, Context.groovy}.
2018-06-04 10:40:42.227  INFO 40891 --- [    Test worker] t.c.s.AnnotationConfigContextLoaderUtils : Could not detect default configuration classes for test class [uk.co.tertiarybrewery.brewapi.currenttemps.CurrentTempControllerTest]: CurrentTempControllerTest does not declare any static, non-private, non-final, nested classes annotated with @Configuration.
2018-06-04 10:40:42.240  INFO 40891 --- [    Test worker] .b.t.c.SpringBootTestContextBootstrapper : Found @SpringBootConfiguration uk.co.tertiarybrewery.brewapi.Application for test class uk.co.tertiarybrewery.brewapi.currenttemps.CurrentTempControllerTest
2018-06-04 10:40:42.243  INFO 40891 --- [    Test worker] .b.t.c.SpringBootTestContextBootstrapper : Loaded default TestExecutionListener class names from location [META-INF/spring.factories]: [org.springframework.boot.test.autoconfigure.restdocs.RestDocsTestExecutionListener, org.springframework.boot.test.autoconfigure.web.client.MockRestServiceServerResetTestExecutionListener, org.springframework.boot.test.autoconfigure.web.servlet.MockMvcPrintOnlyOnFailureTestExecutionListener, org.springframework.boot.test.autoconfigure.web.servlet.WebDriverTestExecutionListener, org.springframework.boot.test.mock.mockito.MockitoTestExecutionListener, org.springframework.boot.test.mock.mockito.ResetMocksTestExecutionListener, org.springframework.test.context.web.ServletTestExecutionListener, org.springframework.test.context.support.DirtiesContextBeforeModesTestExecutionListener, org.springframework.test.context.support.DependencyInjectionTestExecutionListener, org.springframework.test.context.support.DirtiesContextTestExecutionListener, org.springframework.test.context.transaction.TransactionalTestExecutionListener, org.springframework.test.context.jdbc.SqlScriptsTestExecutionListener]
2018-06-04 10:40:42.243  INFO 40891 --- [    Test worker] .b.t.c.SpringBootTestContextBootstrapper : Using TestExecutionListeners: [org.springframework.test.context.web.ServletTestExecutionListener@1048284f, org.springframework.test.context.support.DirtiesContextBeforeModesTestExecutionListener@1db99e64, org.springframework.boot.test.mock.mockito.MockitoTestExecutionListener@2f80881d, org.springframework.boot.test.autoconfigure.SpringBootDependencyInjectionTestExecutionListener@1542a674, org.springframework.test.context.support.DirtiesContextTestExecutionListener@4419fec3, org.springframework.test.context.transaction.TransactionalTestExecutionListener@1582029a, org.springframework.test.context.jdbc.SqlScriptsTestExecutionListener@3ee9b057, org.springframework.boot.test.autoconfigure.restdocs.RestDocsTestExecutionListener@3e98c0f8, org.springframework.boot.test.autoconfigure.web.client.MockRestServiceServerResetTestExecutionListener@35fcce0e, org.springframework.boot.test.autoconfigure.web.servlet.MockMvcPrintOnlyOnFailureTestExecutionListener@30ef9cf9, org.springframework.boot.test.autoconfigure.web.servlet.WebDriverTestExecutionListener@43f7f9bb, org.springframework.boot.test.mock.mockito.ResetMocksTestExecutionListener@3b906e3d]
]]></system-out>
  <system-err><![CDATA[]]></system-err>
</testsuite>
