<?xml version="1.0" encoding="UTF-8"?>
<testsuite name="uk.co.tertiarybrewery.brewapi.tempdata.TempsDataControllerTest" tests="1" skipped="0" failures="0" errors="0" timestamp="2018-05-30T16:19:24" hostname="tjmac222" time="0.094">
  <properties/>
  <testcase name="getCurrentTemps" classname="uk.co.tertiarybrewery.brewapi.tempdata.TempsDataControllerTest" time="0.094"/>
  <system-out><![CDATA[2018-05-30 17:19:24.618  INFO 6172 --- [    Test worker] .b.t.c.SpringBootTestContextBootstrapper : Neither @ContextConfiguration nor @ContextHierarchy found for test class [uk.co.tertiarybrewery.brewapi.tempdata.TempsDataControllerTest], using SpringBootContextLoader
2018-05-30 17:19:24.619  INFO 6172 --- [    Test worker] o.s.t.c.support.AbstractContextLoader    : Could not detect default resource locations for test class [uk.co.tertiarybrewery.brewapi.tempdata.TempsDataControllerTest]: no resource found for suffixes {-context.xml, Context.groovy}.
2018-05-30 17:19:24.619  INFO 6172 --- [    Test worker] t.c.s.AnnotationConfigContextLoaderUtils : Could not detect default configuration classes for test class [uk.co.tertiarybrewery.brewapi.tempdata.TempsDataControllerTest]: TempsDataControllerTest does not declare any static, non-private, non-final, nested classes annotated with @Configuration.
2018-05-30 17:19:24.631  INFO 6172 --- [    Test worker] .b.t.c.SpringBootTestContextBootstrapper : Found @SpringBootConfiguration uk.co.tertiarybrewery.brewapi.Application for test class uk.co.tertiarybrewery.brewapi.tempdata.TempsDataControllerTest
2018-05-30 17:19:24.632  INFO 6172 --- [    Test worker] .b.t.c.SpringBootTestContextBootstrapper : Loaded default TestExecutionListener class names from location [META-INF/spring.factories]: [org.springframework.boot.test.autoconfigure.restdocs.RestDocsTestExecutionListener, org.springframework.boot.test.autoconfigure.web.client.MockRestServiceServerResetTestExecutionListener, org.springframework.boot.test.autoconfigure.web.servlet.MockMvcPrintOnlyOnFailureTestExecutionListener, org.springframework.boot.test.autoconfigure.web.servlet.WebDriverTestExecutionListener, org.springframework.boot.test.mock.mockito.MockitoTestExecutionListener, org.springframework.boot.test.mock.mockito.ResetMocksTestExecutionListener, org.springframework.test.context.web.ServletTestExecutionListener, org.springframework.test.context.support.DirtiesContextBeforeModesTestExecutionListener, org.springframework.test.context.support.DependencyInjectionTestExecutionListener, org.springframework.test.context.support.DirtiesContextTestExecutionListener, org.springframework.test.context.transaction.TransactionalTestExecutionListener, org.springframework.test.context.jdbc.SqlScriptsTestExecutionListener]
2018-05-30 17:19:24.633  INFO 6172 --- [    Test worker] .b.t.c.SpringBootTestContextBootstrapper : Using TestExecutionListeners: [org.springframework.test.context.web.ServletTestExecutionListener@419ad44a, org.springframework.test.context.support.DirtiesContextBeforeModesTestExecutionListener@38e8a950, org.springframework.boot.test.mock.mockito.MockitoTestExecutionListener@741c954e, org.springframework.boot.test.autoconfigure.SpringBootDependencyInjectionTestExecutionListener@74ee3d91, org.springframework.test.context.support.DirtiesContextTestExecutionListener@63c19fc2, org.springframework.test.context.transaction.TransactionalTestExecutionListener@1e1e08c3, org.springframework.test.context.jdbc.SqlScriptsTestExecutionListener@e3848ab, org.springframework.boot.test.autoconfigure.restdocs.RestDocsTestExecutionListener@bbffe48, org.springframework.boot.test.autoconfigure.web.client.MockRestServiceServerResetTestExecutionListener@646f5f72, org.springframework.boot.test.autoconfigure.web.servlet.MockMvcPrintOnlyOnFailureTestExecutionListener@a591b2c, org.springframework.boot.test.autoconfigure.web.servlet.WebDriverTestExecutionListener@46e877dc, org.springframework.boot.test.mock.mockito.ResetMocksTestExecutionListener@32d19cf7]
]]></system-out>
  <system-err><![CDATA[]]></system-err>
</testsuite>
