<?xml version="1.0" encoding="UTF-8"?>
<testsuite name="uk.co.tertiarybrewery.brewapi.currenttemps.CurrentTempControllerTest" tests="1" skipped="0" failures="0" errors="0" timestamp="2018-06-01T13:38:28" hostname="tjmac222" time="0.04">
  <properties/>
  <testcase name="getCurrentTemps" classname="uk.co.tertiarybrewery.brewapi.currenttemps.CurrentTempControllerTest" time="0.04"/>
  <system-out><![CDATA[2018-06-01 14:38:28.800  INFO 29959 --- [    Test worker] .b.t.c.SpringBootTestContextBootstrapper : Neither @ContextConfiguration nor @ContextHierarchy found for test class [uk.co.tertiarybrewery.brewapi.currenttemps.CurrentTempControllerTest], using SpringBootContextLoader
2018-06-01 14:38:28.804  INFO 29959 --- [    Test worker] o.s.t.c.support.AbstractContextLoader    : Could not detect default resource locations for test class [uk.co.tertiarybrewery.brewapi.currenttemps.CurrentTempControllerTest]: no resource found for suffixes {-context.xml, Context.groovy}.
2018-06-01 14:38:28.804  INFO 29959 --- [    Test worker] t.c.s.AnnotationConfigContextLoaderUtils : Could not detect default configuration classes for test class [uk.co.tertiarybrewery.brewapi.currenttemps.CurrentTempControllerTest]: CurrentTempControllerTest does not declare any static, non-private, non-final, nested classes annotated with @Configuration.
2018-06-01 14:38:28.822  INFO 29959 --- [    Test worker] .b.t.c.SpringBootTestContextBootstrapper : Found @SpringBootConfiguration uk.co.tertiarybrewery.brewapi.Application for test class uk.co.tertiarybrewery.brewapi.currenttemps.CurrentTempControllerTest
2018-06-01 14:38:28.825  INFO 29959 --- [    Test worker] .b.t.c.SpringBootTestContextBootstrapper : Loaded default TestExecutionListener class names from location [META-INF/spring.factories]: [org.springframework.boot.test.autoconfigure.restdocs.RestDocsTestExecutionListener, org.springframework.boot.test.autoconfigure.web.client.MockRestServiceServerResetTestExecutionListener, org.springframework.boot.test.autoconfigure.web.servlet.MockMvcPrintOnlyOnFailureTestExecutionListener, org.springframework.boot.test.autoconfigure.web.servlet.WebDriverTestExecutionListener, org.springframework.boot.test.mock.mockito.MockitoTestExecutionListener, org.springframework.boot.test.mock.mockito.ResetMocksTestExecutionListener, org.springframework.test.context.web.ServletTestExecutionListener, org.springframework.test.context.support.DirtiesContextBeforeModesTestExecutionListener, org.springframework.test.context.support.DependencyInjectionTestExecutionListener, org.springframework.test.context.support.DirtiesContextTestExecutionListener, org.springframework.test.context.transaction.TransactionalTestExecutionListener, org.springframework.test.context.jdbc.SqlScriptsTestExecutionListener]
2018-06-01 14:38:28.828  INFO 29959 --- [    Test worker] .b.t.c.SpringBootTestContextBootstrapper : Using TestExecutionListeners: [org.springframework.test.context.web.ServletTestExecutionListener@246ac6c3, org.springframework.test.context.support.DirtiesContextBeforeModesTestExecutionListener@2e66118f, org.springframework.boot.test.mock.mockito.MockitoTestExecutionListener@37473a82, org.springframework.boot.test.autoconfigure.SpringBootDependencyInjectionTestExecutionListener@745232c0, org.springframework.test.context.support.DirtiesContextTestExecutionListener@67cbe57, org.springframework.test.context.transaction.TransactionalTestExecutionListener@18083d7e, org.springframework.test.context.jdbc.SqlScriptsTestExecutionListener@161597d7, org.springframework.boot.test.autoconfigure.restdocs.RestDocsTestExecutionListener@733463e7, org.springframework.boot.test.autoconfigure.web.client.MockRestServiceServerResetTestExecutionListener@1059f5d0, org.springframework.boot.test.autoconfigure.web.servlet.MockMvcPrintOnlyOnFailureTestExecutionListener@4963d968, org.springframework.boot.test.autoconfigure.web.servlet.WebDriverTestExecutionListener@737244bc, org.springframework.boot.test.mock.mockito.ResetMocksTestExecutionListener@23093a6e]
]]></system-out>
  <system-err><![CDATA[]]></system-err>
</testsuite>
