<?xml version="1.0" encoding="UTF-8"?>
<testsuite name="uk.co.tertiarybrewery.brewapi.tempdata.TempsDataControllerTest" tests="1" skipped="0" failures="0" errors="0" timestamp="2018-06-01T13:38:28" hostname="tjmac222" time="0.138">
  <properties/>
  <testcase name="getCurrentTemps" classname="uk.co.tertiarybrewery.brewapi.tempdata.TempsDataControllerTest" time="0.138"/>
  <system-out><![CDATA[2018-06-01 14:38:28.632  INFO 29959 --- [    Test worker] .b.t.c.SpringBootTestContextBootstrapper : Neither @ContextConfiguration nor @ContextHierarchy found for test class [uk.co.tertiarybrewery.brewapi.tempdata.TempsDataControllerTest], using SpringBootContextLoader
2018-06-01 14:38:28.633  INFO 29959 --- [    Test worker] o.s.t.c.support.AbstractContextLoader    : Could not detect default resource locations for test class [uk.co.tertiarybrewery.brewapi.tempdata.TempsDataControllerTest]: no resource found for suffixes {-context.xml, Context.groovy}.
2018-06-01 14:38:28.634  INFO 29959 --- [    Test worker] t.c.s.AnnotationConfigContextLoaderUtils : Could not detect default configuration classes for test class [uk.co.tertiarybrewery.brewapi.tempdata.TempsDataControllerTest]: TempsDataControllerTest does not declare any static, non-private, non-final, nested classes annotated with @Configuration.
2018-06-01 14:38:28.650  INFO 29959 --- [    Test worker] .b.t.c.SpringBootTestContextBootstrapper : Found @SpringBootConfiguration uk.co.tertiarybrewery.brewapi.Application for test class uk.co.tertiarybrewery.brewapi.tempdata.TempsDataControllerTest
2018-06-01 14:38:28.653  INFO 29959 --- [    Test worker] .b.t.c.SpringBootTestContextBootstrapper : Loaded default TestExecutionListener class names from location [META-INF/spring.factories]: [org.springframework.boot.test.autoconfigure.restdocs.RestDocsTestExecutionListener, org.springframework.boot.test.autoconfigure.web.client.MockRestServiceServerResetTestExecutionListener, org.springframework.boot.test.autoconfigure.web.servlet.MockMvcPrintOnlyOnFailureTestExecutionListener, org.springframework.boot.test.autoconfigure.web.servlet.WebDriverTestExecutionListener, org.springframework.boot.test.mock.mockito.MockitoTestExecutionListener, org.springframework.boot.test.mock.mockito.ResetMocksTestExecutionListener, org.springframework.test.context.web.ServletTestExecutionListener, org.springframework.test.context.support.DirtiesContextBeforeModesTestExecutionListener, org.springframework.test.context.support.DependencyInjectionTestExecutionListener, org.springframework.test.context.support.DirtiesContextTestExecutionListener, org.springframework.test.context.transaction.TransactionalTestExecutionListener, org.springframework.test.context.jdbc.SqlScriptsTestExecutionListener]
2018-06-01 14:38:28.654  INFO 29959 --- [    Test worker] .b.t.c.SpringBootTestContextBootstrapper : Using TestExecutionListeners: [org.springframework.test.context.web.ServletTestExecutionListener@65acc708, org.springframework.test.context.support.DirtiesContextBeforeModesTestExecutionListener@d1f8347, org.springframework.boot.test.mock.mockito.MockitoTestExecutionListener@62f516df, org.springframework.boot.test.autoconfigure.SpringBootDependencyInjectionTestExecutionListener@c9e9f59, org.springframework.test.context.support.DirtiesContextTestExecutionListener@f098d45, org.springframework.test.context.transaction.TransactionalTestExecutionListener@7efd3258, org.springframework.test.context.jdbc.SqlScriptsTestExecutionListener@34f480b6, org.springframework.boot.test.autoconfigure.restdocs.RestDocsTestExecutionListener@4c68a526, org.springframework.boot.test.autoconfigure.web.client.MockRestServiceServerResetTestExecutionListener@f486a4b, org.springframework.boot.test.autoconfigure.web.servlet.MockMvcPrintOnlyOnFailureTestExecutionListener@1830f608, org.springframework.boot.test.autoconfigure.web.servlet.WebDriverTestExecutionListener@8d13488, org.springframework.boot.test.mock.mockito.ResetMocksTestExecutionListener@199e121]
]]></system-out>
  <system-err><![CDATA[]]></system-err>
</testsuite>
